-------------------------------------------------------------------------------
Test set: Testing GET
-------------------------------------------------------------------------------
Tests run: 2, Failures: 1, Errors: 0, Skipped: 0, Time elapsed: 2.689 s <<< FAILURE! - in Testing GET
Get album with invalid parameter(Testing GET)  Time elapsed: 1.108 s  <<< FAILURE!
java.lang.AssertionError: 
1 expectation failed.
Expected status code <404> but was <200>.


