-------------------------------------------------------------------------------
Test set: Testing
-------------------------------------------------------------------------------
Tests run: 2, Failures: 1, Errors: 0, Skipped: 0, Time elapsed: 14.413 s <<< FAILURE! - in Testing
Get album with invalid parameter(Testing)  Time elapsed: 0.449 s  <<< FAILURE!
java.lang.AssertionError: 
1 expectation failed.
Expected status code <404> but was <200>.


