-------------------------------------------------------------------------------
Test set: Testing DELETE comments JsonPlaceHolder
-------------------------------------------------------------------------------
Tests run: 6, Failures: 4, Errors: 0, Skipped: 0, Time elapsed: 9.669 s <<< FAILURE! - in Testing DELETE comments JsonPlaceHolder
DELETE Comments with unregistered parameter id #1(Testing DELETE comments JsonPlaceHolder)  Time elapsed: 1.688 s  <<< FAILURE!
java.lang.AssertionError: 
1 expectation failed.
Expected status code <400> but was <200>.


DELETE Comments with unregistered parameter id #2(Testing DELETE comments JsonPlaceHolder)  Time elapsed: 0.863 s  <<< FAILURE!
java.lang.AssertionError: 
1 expectation failed.
Expected status code <400> but was <200>.


DELETE Comments with invalid parameter id #1(Testing DELETE comments JsonPlaceHolder)  Time elapsed: 0.809 s  <<< FAILURE!
java.lang.AssertionError: 
1 expectation failed.
Expected status code <400> but was <200>.


DELETE Comments with invalid parameter id #2(Testing DELETE comments JsonPlaceHolder)  Time elapsed: 0.8 s  <<< FAILURE!
java.lang.AssertionError: 
1 expectation failed.
Expected status code <400> but was <200>.


