-------------------------------------------------------------------------------
Test set: Testing Post Posts REST API
-------------------------------------------------------------------------------
Tests run: 5, Failures: 4, Errors: 0, Skipped: 0, Time elapsed: 5.084 s <<< FAILURE! - in Testing Post Posts REST API
API POST new posts with blank parameter(Testing Post Posts REST API)  Time elapsed: 1.048 s  <<< FAILURE!
java.lang.AssertionError: 
1 expectation failed.
Expected status code <400> but was <201>.


API POST with invalid type data body(Testing Post Posts REST API)  Time elapsed: 1.082 s  <<< FAILURE!
java.lang.AssertionError: 
1 expectation failed.
Expected status code <400> but was <500>.


API POST new posts with extra parameter(Testing Post Posts REST API)  Time elapsed: 1.076 s  <<< FAILURE!
java.lang.AssertionError: 
1 expectation failed.
Expected status code <400> but was <201>.


API POST with less category body(Testing Post Posts REST API)  Time elapsed: 0.81 s  <<< FAILURE!
java.lang.AssertionError: 
1 expectation failed.
Expected status code <400> but was <201>.


