-------------------------------------------------------------------------------
Test set: Testing Delete Posts REST API
-------------------------------------------------------------------------------
Tests run: 4, Failures: 4, Errors: 0, Skipped: 0, Time elapsed: 8.756 s <<< FAILURE! - in Testing Delete Posts REST API
API DELETE posts with valid parameter #1(Testing Delete Posts REST API)  Time elapsed: 5.7 s  <<< FAILURE!
java.lang.AssertionError: 
1 expectation failed.
Expected status code <204> but was <200>.


API DELETE posts with valid parameter #2(Testing Delete Posts REST API)  Time elapsed: 1.091 s  <<< FAILURE!
java.lang.AssertionError: 
1 expectation failed.
Expected status code <204> but was <200>.


API DELETE posts with invalid parameter #1(Testing Delete Posts REST API)  Time elapsed: 0.786 s  <<< FAILURE!
java.lang.AssertionError: 
1 expectation failed.
Expected status code <404> but was <200>.


API DELETE posts with invalid parameter #2(Testing Delete Posts REST API)  Time elapsed: 1.034 s  <<< FAILURE!
java.lang.AssertionError: 
1 expectation failed.
Expected status code <404> but was <200>.


