-------------------------------------------------------------------------------
Test set: Testing Create Album
-------------------------------------------------------------------------------
Tests run: 5, Failures: 4, Errors: 0, Skipped: 0, Time elapsed: 5.263 s <<< FAILURE! - in Testing Create Album
Post create album with invalid json(Testing Create Album)  Time elapsed: 1.107 s  <<< FAILURE!
java.lang.AssertionError: 
1 expectation failed.
Expected status code <404> but was <201>.


Post create album with same body json(Testing Create Album)  Time elapsed: 1.028 s  <<< FAILURE!
java.lang.AssertionError: 
1 expectation failed.
Expected status code <404> but was <201>.


Post create album with blank body json(Testing Create Album)  Time elapsed: 0.85 s  <<< FAILURE!
java.lang.AssertionError: 
1 expectation failed.
Expected status code <404> but was <201>.


Post create album with extra body json(Testing Create Album)  Time elapsed: 1.126 s  <<< FAILURE!
java.lang.AssertionError: 
1 expectation failed.
Expected status code <404> but was <201>.


