-------------------------------------------------------------------------------
Test set: Testing Put Posts REST API
-------------------------------------------------------------------------------
Tests run: 5, Failures: 4, Errors: 0, Skipped: 0, Time elapsed: 6.241 s <<< FAILURE! - in Testing Put Posts REST API
API PUT with blank body(Testing Put Posts REST API)  Time elapsed: 2.899 s  <<< FAILURE!
java.lang.AssertionError: 
1 expectation failed.
Expected status code <400> but was <200>.


API PUT with invalid type data body(Testing Put Posts REST API)  Time elapsed: 0.805 s  <<< FAILURE!
java.lang.AssertionError: 
1 expectation failed.
Expected status code <400> but was <500>.


API PUT with extra body(Testing Put Posts REST API)  Time elapsed: 0.773 s  <<< FAILURE!
java.lang.AssertionError: 
1 expectation failed.
Expected status code <400> but was <200>.


API PUT with less category body(Testing Put Posts REST API)  Time elapsed: 0.825 s  <<< FAILURE!
java.lang.AssertionError: 
1 expectation failed.
Expected status code <400> but was <200>.


