-------------------------------------------------------------------------------
Test set: Testing PUT Todos JsonPlaceHolder API
-------------------------------------------------------------------------------
Tests run: 8, Failures: 5, Errors: 0, Skipped: 0, Time elapsed: 8.289 s <<< FAILURE! - in Testing PUT Todos JsonPlaceHolder API
Put update user with difference userID and id should failed then return 400 response code(Testing PUT Todos JsonPlaceHolder API)  Time elapsed: 1.072 s  <<< FAILURE!
java.lang.AssertionError: 
1 expectation failed.
Expected status code <400> but was <200>.


Put update user with blank body should failed then return 400 response code(Testing PUT Todos JsonPlaceHolder API)  Time elapsed: 1.047 s  <<< FAILURE!
java.lang.AssertionError: 
1 expectation failed.
Expected status code <400> but was <200>.


Put update user with extra body category should failed then return 400 response code(Testing PUT Todos JsonPlaceHolder API)  Time elapsed: 1.12 s  <<< FAILURE!
java.lang.AssertionError: 
1 expectation failed.
Expected status code <400> but was <200>.


Put update user with invalid body data type should failed then return 400 response code(Testing PUT Todos JsonPlaceHolder API)  Time elapsed: 1.068 s  <<< FAILURE!
java.lang.AssertionError: 
1 expectation failed.
Expected status code <400> but was <200>.


Put update user with invalid body category should failed then return 400 response code(Testing PUT Todos JsonPlaceHolder API)  Time elapsed: 0.883 s  <<< FAILURE!
java.lang.AssertionError: 
1 expectation failed.
Expected status code <400> but was <200>.


