-------------------------------------------------------------------------------
Test set: Testing PUT comments JsonPlaceHolder
-------------------------------------------------------------------------------
Tests run: 5, Failures: 4, Errors: 0, Skipped: 0, Time elapsed: 5.456 s <<< FAILURE! - in Testing PUT comments JsonPlaceHolder
PUT comments with invalid json(Testing PUT comments JsonPlaceHolder)  Time elapsed: 1.097 s  <<< FAILURE!
java.lang.AssertionError: 
1 expectation failed.
Expected status code <400> but was <500>.


Put comments with unrequired object at json(Testing PUT comments JsonPlaceHolder)  Time elapsed: 1.059 s  <<< FAILURE!
java.lang.AssertionError: 
1 expectation failed.
Expected status code <400> but was <200>.


Put comments with invalid parameter id(Testing PUT comments JsonPlaceHolder)  Time elapsed: 1.065 s  <<< FAILURE!
java.lang.AssertionError: 
1 expectation failed.
Expected status code <400> but was <500>.


Put comments with blank json(Testing PUT comments JsonPlaceHolder)  Time elapsed: 1.025 s  <<< FAILURE!
java.lang.AssertionError: 
1 expectation failed.
Expected status code <400> but was <200>.


