<?xml version="1.0" encoding="UTF-8"?><testsuite errors="0" failures="4" name="Testing Delete Posts REST API" skipped="0" tests="4" time="8.45" timestamp="2023-01-20 04:15:48"><testcase name="API DELETE posts with valid parameter"><failure message="1 expectation failed.&#10;Expected status code &lt;204&gt; but was &lt;200&gt;.&#10;" type="java.lang.AssertionError">1 expectation failed.
Expected status code &lt;204&gt; but was &lt;200&gt;.
</failure><system-err>1 expectation failed.
Expected status code &lt;204&gt; but was &lt;200&gt;.

io.restassured.internal.ResponseSpecificationImpl.validateResponseIfRequired(ResponseSpecificationImpl.groovy:674)
io.restassured.internal.ResponseSpecificationImpl.statusCode(ResponseSpecificationImpl.groovy:126)
io.restassured.internal.ResponseSpecificationImpl.statusCode(ResponseSpecificationImpl.groovy:134)
io.restassured.internal.ValidatableResponseOptionsImpl.statusCode(ValidatableResponseOptionsImpl.java:89)
io.restassured.internal.ValidatableResponseImpl.super$2$statusCode(ValidatableResponseImpl.groovy)
groovy.lang.MetaMethod.doMethodInvoke(MetaMethod.java:323)
groovy.lang.MetaClassImpl.invokeMethod(MetaClassImpl.java:1267)
io.restassured.internal.ValidatableResponseImpl.statusCode(ValidatableResponseImpl.groovy:142)
io.restassured.internal.ValidatableResponseImpl.statusCode(ValidatableResponseImpl.groovy)
starter.JsonPlaceHolder.Posts.GeneraPostslStepDef.shouldReturnStatusCode(GeneraPostslStepDef.java:22)
✽.Should return status code 204(classpath:features/JsonPlaceHolder/Posts/DeletePosts.feature:7)
</system-err></testcase><testcase name="API DELETE posts with invalid parameter"><failure message="1 expectation failed.&#10;Expected status code &lt;404&gt; but was &lt;200&gt;.&#10;" type="java.lang.AssertionError">1 expectation failed.
Expected status code &lt;404&gt; but was &lt;200&gt;.
</failure><system-err>1 expectation failed.
Expected status code &lt;404&gt; but was &lt;200&gt;.

io.restassured.internal.ResponseSpecificationImpl.validateResponseIfRequired(ResponseSpecificationImpl.groovy:674)
io.restassured.internal.ResponseSpecificationImpl.statusCode(ResponseSpecificationImpl.groovy:126)
io.restassured.internal.ResponseSpecificationImpl.statusCode(ResponseSpecificationImpl.groovy:134)
io.restassured.internal.ValidatableResponseOptionsImpl.statusCode(ValidatableResponseOptionsImpl.java:89)
io.restassured.internal.ValidatableResponseImpl.super$2$statusCode(ValidatableResponseImpl.groovy)
groovy.lang.MetaMethod.doMethodInvoke(MetaMethod.java:323)
groovy.lang.MetaClassImpl.invokeMethod(MetaClassImpl.java:1267)
io.restassured.internal.ValidatableResponseImpl.statusCode(ValidatableResponseImpl.groovy:142)
io.restassured.internal.ValidatableResponseImpl.statusCode(ValidatableResponseImpl.groovy)
starter.JsonPlaceHolder.Posts.GeneraPostslStepDef.shouldReturnStatusCode(GeneraPostslStepDef.java:22)
✽.Should return status code 404(classpath:features/JsonPlaceHolder/Posts/DeletePosts.feature:18)
</system-err></testcase></testsuite>